\BOOKMARK [0][-]{chapter.1}{\376\377\0001\000\040\000D\000a\000t\000a\000\040\000S\000t\000r\000u\000c\000t\000u\000r\000e\000\040\000I\000n\000d\000e\000x}{}% 1
\BOOKMARK [1][-]{section.1.1}{\376\377\0001\000.\0001\000\040\000D\000a\000t\000a\000\040\000S\000t\000r\000u\000c\000t\000u\000r\000e\000s}{chapter.1}% 2
\BOOKMARK [0][-]{chapter.2}{\376\377\0002\000\040\000F\000i\000l\000e\000\040\000I\000n\000d\000e\000x}{}% 3
\BOOKMARK [1][-]{section.2.1}{\376\377\0002\000.\0001\000\040\000F\000i\000l\000e\000\040\000L\000i\000s\000t}{chapter.2}% 4
\BOOKMARK [0][-]{chapter.3}{\376\377\0003\000\040\000D\000a\000t\000a\000\040\000S\000t\000r\000u\000c\000t\000u\000r\000e\000\040\000D\000o\000c\000u\000m\000e\000n\000t\000a\000t\000i\000o\000n}{}% 5
\BOOKMARK [1][-]{section.3.1}{\376\377\0003\000.\0001\000\040\000A\000n\000a\000l\000y\000s\000i\000s\000\040\000C\000l\000a\000s\000s\000\040\000R\000e\000f\000e\000r\000e\000n\000c\000e}{chapter.3}% 6
\BOOKMARK [2][-]{subsection.3.1.1}{\376\377\0003\000.\0001\000.\0001\000\040\000D\000e\000t\000a\000i\000l\000e\000d\000\040\000D\000e\000s\000c\000r\000i\000p\000t\000i\000o\000n}{section.3.1}% 7
\BOOKMARK [2][-]{subsection.3.1.2}{\376\377\0003\000.\0001\000.\0002\000\040\000M\000e\000m\000b\000e\000r\000\040\000F\000u\000n\000c\000t\000i\000o\000n\000\040\000D\000o\000c\000u\000m\000e\000n\000t\000a\000t\000i\000o\000n}{section.3.1}% 8
\BOOKMARK [3][-]{subsubsection.3.1.2.1}{\376\377\0003\000.\0001\000.\0002\000.\0001\000\040\000c\000o\000m\000p\000u\000t\000e\000\137\000c\000o\000n\000t\000r\000o\000l\000l\000a\000b\000i\000l\000i\000t\000y\000\137\000g\000r\000a\000m\000i\000a\000n\000\050\000\051}{subsection.3.1.2}% 9
\BOOKMARK [3][-]{subsubsection.3.1.2.2}{\376\377\0003\000.\0001\000.\0002\000.\0002\000\040\000c\000o\000m\000p\000u\000t\000e\000\137\000c\000o\000n\000t\000r\000o\000l\000l\000a\000b\000i\000l\000i\000t\000y\000\137\000m\000a\000t\000r\000i\000x\000\050\000\051}{subsection.3.1.2}% 10
\BOOKMARK [3][-]{subsubsection.3.1.2.3}{\376\377\0003\000.\0001\000.\0002\000.\0003\000\040\000c\000o\000m\000p\000u\000t\000e\000\137\000o\000b\000s\000e\000r\000v\000a\000b\000i\000l\000i\000t\000y\000\137\000g\000r\000a\000m\000i\000a\000n\000\050\000\051}{subsection.3.1.2}% 11
\BOOKMARK [3][-]{subsubsection.3.1.2.4}{\376\377\0003\000.\0001\000.\0002\000.\0004\000\040\000c\000o\000m\000p\000u\000t\000e\000\137\000o\000b\000s\000e\000r\000v\000a\000b\000i\000l\000i\000t\000y\000\137\000m\000a\000t\000r\000i\000x\000\050\000\051}{subsection.3.1.2}% 12
\BOOKMARK [3][-]{subsubsection.3.1.2.5}{\376\377\0003\000.\0001\000.\0002\000.\0005\000\040\000c\000o\000n\000t\000r\000o\000l\000l\000a\000b\000i\000l\000i\000t\000y\000\137\000d\000e\000c\000o\000m\000p\000o\000s\000i\000t\000i\000o\000n\000\050\000\051}{subsection.3.1.2}% 13
\BOOKMARK [3][-]{subsubsection.3.1.2.6}{\376\377\0003\000.\0001\000.\0002\000.\0006\000\040\000g\000e\000n\000e\000r\000a\000t\000e\000\137\000z\000\137\000g\000r\000i\000d\000\050\000\051}{subsection.3.1.2}% 14
\BOOKMARK [3][-]{subsubsection.3.1.2.7}{\376\377\0003\000.\0001\000.\0002\000.\0007\000\040\000i\000s\000\137\000c\000o\000n\000t\000r\000o\000l\000l\000a\000b\000l\000e\000\050\000\051}{subsection.3.1.2}% 15
\BOOKMARK [3][-]{subsubsection.3.1.2.8}{\376\377\0003\000.\0001\000.\0002\000.\0008\000\040\000i\000s\000\137\000d\000e\000t\000e\000c\000t\000a\000b\000l\000e\000\137\000c\000o\000n\000t\000\050\000\051}{subsection.3.1.2}% 16
\BOOKMARK [3][-]{subsubsection.3.1.2.9}{\376\377\0003\000.\0001\000.\0002\000.\0009\000\040\000i\000s\000\137\000o\000b\000s\000e\000r\000v\000a\000b\000l\000e\000\050\000\051}{subsection.3.1.2}% 17
\BOOKMARK [3][-]{subsubsection.3.1.2.10}{\376\377\0003\000.\0001\000.\0002\000.\0001\0000\000\040\000i\000s\000\137\000s\000t\000a\000b\000a\000l\000i\000z\000a\000b\000l\000e\000\137\000c\000o\000n\000t\000\050\000\051}{subsection.3.1.2}% 18
\BOOKMARK [3][-]{subsubsection.3.1.2.11}{\376\377\0003\000.\0001\000.\0002\000.\0001\0001\000\040\000K\000a\000l\000m\000a\000n\000\137\000D\000e\000c\000o\000m\000p\000\050\000\051}{subsection.3.1.2}% 19
\BOOKMARK [3][-]{subsubsection.3.1.2.12}{\376\377\0003\000.\0001\000.\0002\000.\0001\0002\000\040\000L\000i\000n\000e\000a\000r\000\137\000S\000t\000a\000b\000i\000l\000i\000t\000y\000\137\000c\000o\000n\000t\000\050\000\051}{subsection.3.1.2}% 20
\BOOKMARK [3][-]{subsubsection.3.1.2.13}{\376\377\0003\000.\0001\000.\0002\000.\0001\0003\000\040\000L\000i\000n\000e\000a\000r\000\137\000S\000t\000a\000b\000i\000l\000i\000t\000y\000\137\000d\000i\000s\000c\000r\000e\000t\000e\000\050\000\051}{subsection.3.1.2}% 21
\BOOKMARK [3][-]{subsubsection.3.1.2.14}{\376\377\0003\000.\0001\000.\0002\000.\0001\0004\000\040\000m\000i\000n\000i\000m\000a\000l\000i\000t\000y\000\137\000t\000e\000s\000t\000\137\000c\000o\000n\000t\000\050\000\051}{subsection.3.1.2}% 22
\BOOKMARK [3][-]{subsubsection.3.1.2.15}{\376\377\0003\000.\0001\000.\0002\000.\0001\0005\000\040\000o\000b\000s\000e\000r\000v\000a\000b\000i\000l\000i\000t\000y\000\137\000d\000e\000c\000o\000m\000p\000o\000s\000i\000t\000i\000o\000n\000\050\000\051}{subsection.3.1.2}% 23
\BOOKMARK [3][-]{subsubsection.3.1.2.16}{\376\377\0003\000.\0001\000.\0002\000.\0001\0006\000\040\000p\000o\000l\000e\000s\000\050\000\051}{subsection.3.1.2}% 24
\BOOKMARK [3][-]{subsubsection.3.1.2.17}{\376\377\0003\000.\0001\000.\0002\000.\0001\0007\000\040\000z\000e\000r\000o\000s\000\050\000\051}{subsection.3.1.2}% 25
\BOOKMARK [1][-]{section.3.2}{\376\377\0003\000.\0002\000\040\000F\000o\000r\000m\000s\000\040\000C\000l\000a\000s\000s\000\040\000R\000e\000f\000e\000r\000e\000n\000c\000e}{chapter.3}% 26
\BOOKMARK [2][-]{subsection.3.2.1}{\376\377\0003\000.\0002\000.\0001\000\040\000D\000e\000t\000a\000i\000l\000e\000d\000\040\000D\000e\000s\000c\000r\000i\000p\000t\000i\000o\000n}{section.3.2}% 27
\BOOKMARK [2][-]{subsection.3.2.2}{\376\377\0003\000.\0002\000.\0002\000\040\000M\000e\000m\000b\000e\000r\000\040\000F\000u\000n\000c\000t\000i\000o\000n\000\040\000D\000o\000c\000u\000m\000e\000n\000t\000a\000t\000i\000o\000n}{section.3.2}% 28
\BOOKMARK [3][-]{subsubsection.3.2.2.1}{\376\377\0003\000.\0002\000.\0002\000.\0001\000\040\000C\000o\000n\000t\000\137\000C\000a\000n\000n\000o\000n\000i\000c\000a\000l\000\137\000f\000o\000r\000m\000\050\000\051}{subsection.3.2.2}% 29
\BOOKMARK [3][-]{subsubsection.3.2.2.2}{\376\377\0003\000.\0002\000.\0002\000.\0002\000\040\000o\000b\000s\000\137\000C\000a\000n\000n\000o\000n\000i\000c\000a\000l\000\137\000f\000o\000r\000m\000\050\000\051}{subsection.3.2.2}% 30
\BOOKMARK [3][-]{subsubsection.3.2.2.3}{\376\377\0003\000.\0002\000.\0002\000.\0003\000\040\000P\000h\000a\000s\000e\000\137\000V\000a\000r\000i\000a\000b\000l\000e\000\137\000F\000o\000r\000m\000\050\000\051}{subsection.3.2.2}% 31
\BOOKMARK [1][-]{section.3.3}{\376\377\0003\000.\0003\000\040\000L\000i\000n\000e\000a\000r\000\137\000S\000o\000l\000v\000e\000r\000s\000\040\000C\000l\000a\000s\000s\000\040\000R\000e\000f\000e\000r\000e\000n\000c\000e}{chapter.3}% 32
\BOOKMARK [2][-]{subsection.3.3.1}{\376\377\0003\000.\0003\000.\0001\000\040\000D\000e\000t\000a\000i\000l\000e\000d\000\040\000D\000e\000s\000c\000r\000i\000p\000t\000i\000o\000n}{section.3.3}% 33
\BOOKMARK [2][-]{subsection.3.3.2}{\376\377\0003\000.\0003\000.\0002\000\040\000M\000e\000m\000b\000e\000r\000\040\000F\000u\000n\000c\000t\000i\000o\000n\000\040\000D\000o\000c\000u\000m\000e\000n\000t\000a\000t\000i\000o\000n}{section.3.3}% 34
\BOOKMARK [3][-]{subsubsection.3.3.2.1}{\376\377\0003\000.\0003\000.\0002\000.\0001\000\040\000A\000p\000p\000l\000y\000P\000e\000r\000m\000u\000t\000a\000t\000i\000o\000n\000\050\000\051}{subsection.3.3.2}% 35
\BOOKMARK [3][-]{subsubsection.3.3.2.2}{\376\377\0003\000.\0003\000.\0002\000.\0002\000\040\000B\000a\000c\000k\000w\000a\000r\000d\000S\000u\000b\000s\000t\000i\000t\000u\000t\000i\000o\000n\000\050\000\051}{subsection.3.3.2}% 36
\BOOKMARK [3][-]{subsubsection.3.3.2.3}{\376\377\0003\000.\0003\000.\0002\000.\0003\000\040\000d\000e\000t\000e\000r\000m\000i\000n\000a\000n\000t\000\050\000\051}{subsection.3.3.2}% 37
\BOOKMARK [3][-]{subsubsection.3.3.2.4}{\376\377\0003\000.\0003\000.\0002\000.\0004\000\040\000F\000o\000r\000w\000a\000r\000d\000S\000u\000b\000s\000t\000i\000t\000u\000t\000i\000o\000n\000\050\000\051}{subsection.3.3.2}% 38
\BOOKMARK [3][-]{subsubsection.3.3.2.5}{\376\377\0003\000.\0003\000.\0002\000.\0005\000\040\000I\000n\000v\000e\000r\000s\000e\000\050\000\051}{subsection.3.3.2}% 39
\BOOKMARK [3][-]{subsubsection.3.3.2.6}{\376\377\0003\000.\0003\000.\0002\000.\0006\000\040\000s\000o\000l\000v\000e\000\137\000l\000i\000n\000e\000a\000r\000\137\000s\000y\000s\000t\000e\000m\000\137\000L\000U\000\050\000\051}{subsection.3.3.2}% 40
\BOOKMARK [3][-]{subsubsection.3.3.2.7}{\376\377\0003\000.\0003\000.\0002\000.\0007\000\040\000s\000o\000l\000v\000e\000\137\000l\000i\000n\000e\000a\000r\000\137\000s\000y\000s\000t\000e\000m\000\137\000Q\000R\000\050\000\051}{subsection.3.3.2}% 41
\BOOKMARK [3][-]{subsubsection.3.3.2.8}{\376\377\0003\000.\0003\000.\0002\000.\0008\000\040\000S\000o\000l\000v\000e\000L\000U\000\050\000\051}{subsection.3.3.2}% 42
\BOOKMARK [3][-]{subsubsection.3.3.2.9}{\376\377\0003\000.\0003\000.\0002\000.\0009\000\040\000S\000o\000l\000v\000e\000Q\000R\000\050\000\051}{subsection.3.3.2}% 43
\BOOKMARK [1][-]{section.3.4}{\376\377\0003\000.\0004\000\040\000L\000U\000R\000e\000s\000u\000l\000t\000\040\000S\000t\000r\000u\000c\000t\000\040\000R\000e\000f\000e\000r\000e\000n\000c\000e}{chapter.3}% 44
\BOOKMARK [2][-]{subsection.3.4.1}{\376\377\0003\000.\0004\000.\0001\000\040\000D\000e\000t\000a\000i\000l\000e\000d\000\040\000D\000e\000s\000c\000r\000i\000p\000t\000i\000o\000n}{section.3.4}% 45
\BOOKMARK [1][-]{section.3.5}{\376\377\0003\000.\0005\000\040\000L\000U\000R\000e\000s\000u\000l\000t\000\137\000t\000o\000\137\000p\000a\000s\000s\000\040\000S\000t\000r\000u\000c\000t\000\040\000R\000e\000f\000e\000r\000e\000n\000c\000e}{chapter.3}% 46
\BOOKMARK [1][-]{section.3.6}{\376\377\0003\000.\0006\000\040\000M\000a\000t\000r\000i\000x\000\040\000C\000l\000a\000s\000s\000\040\000R\000e\000f\000e\000r\000e\000n\000c\000e}{chapter.3}% 47
\BOOKMARK [2][-]{subsection.3.6.1}{\376\377\0003\000.\0006\000.\0001\000\040\000D\000e\000t\000a\000i\000l\000e\000d\000\040\000D\000e\000s\000c\000r\000i\000p\000t\000i\000o\000n}{section.3.6}% 48
\BOOKMARK [2][-]{subsection.3.6.2}{\376\377\0003\000.\0006\000.\0002\000\040\000C\000o\000n\000s\000t\000r\000u\000c\000t\000o\000r\000\040\000\046\000\040\000D\000e\000s\000t\000r\000u\000c\000t\000o\000r\000\040\000D\000o\000c\000u\000m\000e\000n\000t\000a\000t\000i\000o\000n}{section.3.6}% 49
\BOOKMARK [3][-]{subsubsection.3.6.2.1}{\376\377\0003\000.\0006\000.\0002\000.\0001\000\040\000M\000a\000t\000r\000i\000x\000\050\000\051\000\040\000[\0001\000/\0002\000]}{subsection.3.6.2}% 50
\BOOKMARK [3][-]{subsubsection.3.6.2.2}{\376\377\0003\000.\0006\000.\0002\000.\0002\000\040\000M\000a\000t\000r\000i\000x\000\050\000\051\000\040\000[\0002\000/\0002\000]}{subsection.3.6.2}% 51
\BOOKMARK [2][-]{subsection.3.6.3}{\376\377\0003\000.\0006\000.\0003\000\040\000M\000e\000m\000b\000e\000r\000\040\000F\000u\000n\000c\000t\000i\000o\000n\000\040\000D\000o\000c\000u\000m\000e\000n\000t\000a\000t\000i\000o\000n}{section.3.6}% 52
\BOOKMARK [3][-]{subsubsection.3.6.3.1}{\376\377\0003\000.\0006\000.\0003\000.\0001\000\040\000E\000m\000b\000e\000d\000\050\000\051}{subsection.3.6.3}% 53
\BOOKMARK [3][-]{subsubsection.3.6.3.2}{\376\377\0003\000.\0006\000.\0003\000.\0002\000\040\000e\000y\000e\000\050\000\051}{subsection.3.6.3}% 54
\BOOKMARK [3][-]{subsubsection.3.6.3.3}{\376\377\0003\000.\0006\000.\0003\000.\0003\000\040\000L\000\137\000U\000\050\000\051}{subsection.3.6.3}% 55
\BOOKMARK [3][-]{subsubsection.3.6.3.4}{\376\377\0003\000.\0006\000.\0003\000.\0004\000\040\000m\000u\000l\000t\000i\000p\000l\000y\000\050\000\051}{subsection.3.6.3}% 56
\BOOKMARK [3][-]{subsubsection.3.6.3.5}{\376\377\0003\000.\0006\000.\0003\000.\0005\000\040\000O\000n\000e\000s\000\050\000\051}{subsection.3.6.3}% 57
\BOOKMARK [3][-]{subsubsection.3.6.3.6}{\376\377\0003\000.\0006\000.\0003\000.\0006\000\040\000o\000p\000e\000r\000a\000t\000o\000r\000*\000\050\000\051}{subsection.3.6.3}% 58
\BOOKMARK [3][-]{subsubsection.3.6.3.7}{\376\377\0003\000.\0006\000.\0003\000.\0007\000\040\000o\000p\000e\000r\000a\000t\000o\000r\000+\000\050\000\051}{subsection.3.6.3}% 59
\BOOKMARK [3][-]{subsubsection.3.6.3.8}{\376\377\0003\000.\0006\000.\0003\000.\0008\000\040\000o\000p\000e\000r\000a\000t\000o\000r\000-\000\050\000\051}{subsection.3.6.3}% 60
\BOOKMARK [3][-]{subsubsection.3.6.3.9}{\376\377\0003\000.\0006\000.\0003\000.\0009\000\040\000o\000p\000e\000r\000a\000t\000o\000r\000=\000\050\000\051}{subsection.3.6.3}% 61
\BOOKMARK [3][-]{subsubsection.3.6.3.10}{\376\377\0003\000.\0006\000.\0003\000.\0001\0000\000\040\000O\000u\000t\000e\000r\000\137\000P\000r\000o\000d\000u\000c\000t\000\050\000\051}{subsection.3.6.3}% 62
\BOOKMARK [3][-]{subsubsection.3.6.3.11}{\376\377\0003\000.\0006\000.\0003\000.\0001\0001\000\040\000Q\000R\000\137\000f\000a\000c\000t\000\050\000\051}{subsection.3.6.3}% 63
\BOOKMARK [3][-]{subsubsection.3.6.3.12}{\376\377\0003\000.\0006\000.\0003\000.\0001\0002\000\040\000S\000c\000a\000l\000a\000r\000\137\000M\000u\000l\000\050\000\051}{subsection.3.6.3}% 64
\BOOKMARK [3][-]{subsubsection.3.6.3.13}{\376\377\0003\000.\0006\000.\0003\000.\0001\0003\000\040\000T\000r\000a\000n\000s\000p\000o\000s\000e\000\050\000\051}{subsection.3.6.3}% 65
\BOOKMARK [3][-]{subsubsection.3.6.3.14}{\376\377\0003\000.\0006\000.\0003\000.\0001\0004\000\040\000U\000V\000\050\000\051}{subsection.3.6.3}% 66
\BOOKMARK [3][-]{subsubsection.3.6.3.15}{\376\377\0003\000.\0006\000.\0003\000.\0001\0005\000\040\000Z\000e\000r\000o\000s\000\050\000\051}{subsection.3.6.3}% 67
\BOOKMARK [1][-]{section.3.7}{\376\377\0003\000.\0007\000\040\000M\000y\000\137\000V\000e\000c\000\040\000C\000l\000a\000s\000s\000\040\000R\000e\000f\000e\000r\000e\000n\000c\000e}{chapter.3}% 68
\BOOKMARK [2][-]{subsection.3.7.1}{\376\377\0003\000.\0007\000.\0001\000\040\000D\000e\000t\000a\000i\000l\000e\000d\000\040\000D\000e\000s\000c\000r\000i\000p\000t\000i\000o\000n}{section.3.7}% 69
\BOOKMARK [2][-]{subsection.3.7.2}{\376\377\0003\000.\0007\000.\0002\000\040\000C\000o\000n\000s\000t\000r\000u\000c\000t\000o\000r\000\040\000\046\000\040\000D\000e\000s\000t\000r\000u\000c\000t\000o\000r\000\040\000D\000o\000c\000u\000m\000e\000n\000t\000a\000t\000i\000o\000n}{section.3.7}% 70
\BOOKMARK [3][-]{subsubsection.3.7.2.1}{\376\377\0003\000.\0007\000.\0002\000.\0001\000\040\000M\000y\000\137\000V\000e\000c\000\050\000\051\000\040\000[\0001\000/\0002\000]}{subsection.3.7.2}% 71
\BOOKMARK [3][-]{subsubsection.3.7.2.2}{\376\377\0003\000.\0007\000.\0002\000.\0002\000\040\000M\000y\000\137\000V\000e\000c\000\050\000\051\000\040\000[\0002\000/\0002\000]}{subsection.3.7.2}% 72
\BOOKMARK [2][-]{subsection.3.7.3}{\376\377\0003\000.\0007\000.\0003\000\040\000M\000e\000m\000b\000e\000r\000\040\000F\000u\000n\000c\000t\000i\000o\000n\000\040\000D\000o\000c\000u\000m\000e\000n\000t\000a\000t\000i\000o\000n}{section.3.7}% 73
\BOOKMARK [3][-]{subsubsection.3.7.3.1}{\376\377\0003\000.\0007\000.\0003\000.\0001\000\040\000d\000o\000t\000\050\000\051}{subsection.3.7.3}% 74
\BOOKMARK [3][-]{subsubsection.3.7.3.2}{\376\377\0003\000.\0007\000.\0003\000.\0002\000\040\000N\000o\000r\000m\000\050\000\051}{subsection.3.7.3}% 75
\BOOKMARK [3][-]{subsubsection.3.7.3.3}{\376\377\0003\000.\0007\000.\0003\000.\0003\000\040\000o\000n\000e\000s\000\050\000\051}{subsection.3.7.3}% 76
\BOOKMARK [3][-]{subsubsection.3.7.3.4}{\376\377\0003\000.\0007\000.\0003\000.\0004\000\040\000o\000p\000e\000r\000a\000t\000o\000r\000+\000\050\000\051}{subsection.3.7.3}% 77
\BOOKMARK [3][-]{subsubsection.3.7.3.5}{\376\377\0003\000.\0007\000.\0003\000.\0005\000\040\000o\000p\000e\000r\000a\000t\000o\000r\000-\000\050\000\051}{subsection.3.7.3}% 78
\BOOKMARK [3][-]{subsubsection.3.7.3.6}{\376\377\0003\000.\0007\000.\0003\000.\0006\000\040\000o\000p\000e\000r\000a\000t\000o\000r\000=\000\050\000\051}{subsection.3.7.3}% 79
\BOOKMARK [3][-]{subsubsection.3.7.3.7}{\376\377\0003\000.\0007\000.\0003\000.\0007\000\040\000S\000c\000a\000l\000a\000r\000\137\000M\000u\000l\000\050\000\051}{subsection.3.7.3}% 80
\BOOKMARK [3][-]{subsubsection.3.7.3.8}{\376\377\0003\000.\0007\000.\0003\000.\0008\000\040\000u\000n\000i\000t\000\137\000v\000e\000c\000\050\000\051}{subsection.3.7.3}% 81
\BOOKMARK [3][-]{subsubsection.3.7.3.9}{\376\377\0003\000.\0007\000.\0003\000.\0009\000\040\000Z\000e\000r\000o\000s\000\050\000\051}{subsection.3.7.3}% 82
\BOOKMARK [1][-]{section.3.8}{\376\377\0003\000.\0008\000\040\000Q\000R\000\137\000r\000e\000s\000u\000l\000t\000\137\000t\000o\000\137\000p\000a\000s\000s\000\040\000S\000t\000r\000u\000c\000t\000\040\000R\000e\000f\000e\000r\000e\000n\000c\000e}{chapter.3}% 83
\BOOKMARK [1][-]{section.3.9}{\376\377\0003\000.\0009\000\040\000Q\000R\000r\000e\000s\000u\000l\000t\000\040\000S\000t\000r\000u\000c\000t\000\040\000R\000e\000f\000e\000r\000e\000n\000c\000e}{chapter.3}% 84
\BOOKMARK [2][-]{subsection.3.9.1}{\376\377\0003\000.\0009\000.\0001\000\040\000D\000e\000t\000a\000i\000l\000e\000d\000\040\000D\000e\000s\000c\000r\000i\000p\000t\000i\000o\000n}{section.3.9}% 85
\BOOKMARK [0][-]{chapter.4}{\376\377\0004\000\040\000F\000i\000l\000e\000\040\000D\000o\000c\000u\000m\000e\000n\000t\000a\000t\000i\000o\000n}{}% 86
\BOOKMARK [1][-]{section.4.1}{\376\377\0004\000.\0001\000\040\000a\000n\000a\000l\000y\000s\000i\000s\000.\000h\000p\000p}{chapter.4}% 87
\BOOKMARK [1][-]{section.4.2}{\376\377\0004\000.\0002\000\040\000f\000o\000r\000m\000s\000.\000h\000p\000p}{chapter.4}% 88
\BOOKMARK [1][-]{section.4.3}{\376\377\0004\000.\0003\000\040\000l\000i\000n\000e\000a\000r\000\137\000s\000o\000l\000v\000e\000r\000s\000.\000h\000p\000p\000\040\000F\000i\000l\000e\000\040\000R\000e\000f\000e\000r\000e\000n\000c\000e}{chapter.4}% 89
\BOOKMARK [1][-]{section.4.4}{\376\377\0004\000.\0004\000\040\000l\000i\000n\000e\000a\000r\000\137\000s\000o\000l\000v\000e\000r\000s\000.\000h\000p\000p}{chapter.4}% 90
\BOOKMARK [1][-]{section.4.5}{\376\377\0004\000.\0005\000\040\000m\000a\000t\000r\000i\000x\000\137\000m\000a\000t\000h\000.\000h\000p\000p\000\040\000F\000i\000l\000e\000\040\000R\000e\000f\000e\000r\000e\000n\000c\000e}{chapter.4}% 91
\BOOKMARK [2][-]{subsection.4.5.1}{\376\377\0004\000.\0005\000.\0001\000\040\000D\000e\000t\000a\000i\000l\000e\000d\000\040\000D\000e\000s\000c\000r\000i\000p\000t\000i\000o\000n}{section.4.5}% 92
\BOOKMARK [1][-]{section.4.6}{\376\377\0004\000.\0006\000\040\000m\000a\000t\000r\000i\000x\000\137\000m\000a\000t\000h\000.\000h\000p\000p}{chapter.4}% 93
